<?xml version="1.0" encoding="UTF-8"?>
<!-- Generated by org.testng.reporters.JUnitReportReporter -->
<testsuite skipped="0" hostname="DESKTOP-QS37V4D" name="com.test.org.PriorityTest" tests="4" failures="0" timestamp="2020-08-05T22:27:25 IST" time="0.043" errors="0">
  <testcase name="searchLaptop" time="0.028" classname="com.test.org.PriorityTest"/>
  <system-out/>
  <testcase name="searchMobile" time="0.000" classname="com.test.org.PriorityTest"/>
  <system-out/>
  <testcase name="searchClothes" time="0.000" classname="com.test.org.PriorityTest"/>
  <system-out/>
  <testcase name="searchWatch" time="0.015" classname="com.test.org.PriorityTest"/>
  <system-out/>
</testsuite> <!-- com.test.org.PriorityTest -->
