<?xml version="1.0" encoding="UTF-8"?>
<!-- Generated by org.testng.reporters.JUnitReportReporter -->
<testsuite skipped="1" hostname="DESKTOP-QS37V4D" name="com.test.org.Ignore_Demo" tests="2" failures="0" timestamp="2020-08-04T16:58:31 IST" time="0.028" errors="0">
  <testcase name="searchMobile" time="0.028" classname="com.test.org.Ignore_Demo"/>
  <system-out/>
  <testcase name="searchLaptop" classname="com.test.org.Ignore_Demo">
    <skipped/>
  </testcase> <!-- searchLaptop -->
  <system-out/>
</testsuite> <!-- com.test.org.Ignore_Demo -->
