<?xml version="1.0" encoding="UTF-8"?>
<!-- Generated by org.testng.reporters.JUnitReportReporter -->
<testsuite skipped="0" hostname="DESKTOP-QS37V4D" name="com.test.org.ParameterTest" tests="1" failures="0" timestamp="2020-08-07T17:10:32 IST" time="0.025" errors="0">
  <testcase name="logIn" time="0.025" classname="com.test.org.ParameterTest"/>
  <system-out/>
</testsuite> <!-- com.test.org.ParameterTest -->
