<?xml version="1.0" encoding="UTF-8"?>
<!-- Generated by org.testng.reporters.JUnitReportReporter -->
<testsuite skipped="0" hostname="DESKTOP-QS37V4D" name="com.test.org.ParallelTest" tests="2" failures="0" timestamp="2020-08-07T16:55:01 IST" time="36.366" errors="0">
  <testcase name="test2" time="18.708" classname="com.test.org.ParallelTest"/>
  <system-out/>
  <testcase name="test1" time="17.658" classname="com.test.org.ParallelTest"/>
  <system-out/>
</testsuite> <!-- com.test.org.ParallelTest -->
