<?xml version="1.0" encoding="UTF-8"?>
<!-- Generated by org.testng.reporters.JUnitReportReporter -->
<testsuite skipped="0" hostname="DESKTOP-QS37V4D" name="com.test.org.DependencyTest" tests="3" failures="0" timestamp="2020-08-05T22:34:15 IST" time="0.037" errors="0">
  <testcase name="searchMobile" time="0.015" classname="com.test.org.DependencyTest"/>
  <system-out/>
  <testcase name="searchLaptop" time="0.000" classname="com.test.org.DependencyTest"/>
  <system-out/>
  <testcase name="searchWatch" time="0.022" classname="com.test.org.DependencyTest"/>
  <system-out/>
</testsuite> <!-- com.test.org.DependencyTest -->
