<?xml version="1.0" encoding="UTF-8"?>
<!-- Generated by org.testng.reporters.JUnitReportReporter -->
<testsuite skipped="0" hostname="DESKTOP-QS37V4D" name="com.test.org.InvocationTest" tests="6" failures="0" timestamp="2020-08-05T22:35:29 IST" time="0.075" errors="0">
  <testcase name="searchMobile" time="0.015" classname="com.test.org.InvocationTest"/>
  <system-out/>
  <testcase name="searchMobile" time="0.000" classname="com.test.org.InvocationTest"/>
  <system-out/>
  <testcase name="searchLaptop" time="0.028" classname="com.test.org.InvocationTest"/>
  <system-out/>
  <testcase name="searchWatch" time="0.016" classname="com.test.org.InvocationTest"/>
  <system-out/>
  <testcase name="searchMobile" time="0.000" classname="com.test.org.InvocationTest"/>
  <system-out/>
  <testcase name="searchWatch" time="0.016" classname="com.test.org.InvocationTest"/>
  <system-out/>
</testsuite> <!-- com.test.org.InvocationTest -->
