<?xml version="1.0" encoding="UTF-8"?>
<!-- Generated by org.testng.reporters.JUnitReportReporter -->
<testsuite skipped="0" hostname="DESKTOP-QS37V4D" name="com.test.org.DataProviderTest" tests="3" failures="0" timestamp="2020-08-07T17:20:31 IST" time="0.042" errors="0">
  <testcase name="logIn" time="0.011" classname="com.test.org.DataProviderTest"/>
  <system-out/>
  <testcase name="logIn" time="0.008" classname="com.test.org.DataProviderTest"/>
  <system-out/>
  <testcase name="logIn" time="0.023" classname="com.test.org.DataProviderTest"/>
  <system-out/>
</testsuite> <!-- com.test.org.DataProviderTest -->
