<?xml version="1.0" encoding="UTF-8"?>
<!-- Generated by org.testng.reporters.JUnitReportReporter -->
<testsuite skipped="0" hostname="DESKTOP-QS37V4D" name="com.test.org.SimpleAnnotations" tests="2" failures="0" timestamp="2020-08-04T16:58:02 IST" time="0.028" errors="0">
  <testcase name="searchMobiles" time="0.007" classname="com.test.org.SimpleAnnotations"/>
  <system-out/>
  <testcase name="searchLaptop" time="0.021" classname="com.test.org.SimpleAnnotations"/>
  <system-out/>
</testsuite> <!-- com.test.org.SimpleAnnotations -->
